<?xml version="1.0" encoding="UTF-8"?>
<!-- Generated by org.testng.reporters.JUnitReportReporter -->
<testsuite hostname="LAPTOP-F9GTT2QO" failures="0" tests="1" name="com.fitpeo.testCases.NewTest" time="31.895" errors="0" timestamp="2024-08-03T17:42:50 IST" skipped="0">
  <testcase classname="com.fitpeo.testCases.NewTest" name="f" time="31.895"/>
  <system-out>
    <![CDATA[Validate user is on the homepage checking text - home
user click on the Revenue Calculator
user move upto slider
check slider value is set to be 823
check after setting slider value to 560 then slider move accordingly]]>
  </system-out>
</testsuite> <!-- com.fitpeo.testCases.NewTest -->
